<?xml version="1.0" encoding="UTF-8"?>
<!-- Generated by org.testng.reporters.JUnitReportReporter -->
<testsuite hostname="LIN51006807" name="com.csg.tau.Googlesearch" tests="1" failures="0" timestamp="7 Apr 2019 11:34:16 GMT" time="10.622" errors="0">
  <testcase name="Test" time="10.622" classname="com.csg.tau.Googlesearch"/>
</testsuite> <!-- com.csg.tau.Googlesearch -->
