<?xml version="1.0" encoding="UTF-8"?>
<!-- Generated by org.testng.reporters.JUnitReportReporter -->
<testsuite skipped="0" hostname="LIN51006807" name="com.csg.tau.Googlesearch" tests="1" failures="0" timestamp="07 Apr 2019 11:37:41 GMT" time="11.383" errors="0">
  <testcase name="Test" time="11.383" classname="com.csg.tau.Googlesearch"/>
</testsuite> <!-- com.csg.tau.Googlesearch -->
